15:33:25.6297 [INFO] Including script(s): /home/hanna/STM32CubeIDE/workspace_1.13.0/UART_debug_console/renode-emulation/UART_debug_console.resc
15:33:25.6378 [INFO] Old file /home/hanna/STM32CubeIDE/workspace_1.13.0/UART_debug_console/renode-emulation/UART_debug_console.log moved to /home/hanna/STM32CubeIDE/workspace_1.13.0/UART_debug_console/renode-emulation/UART_debug_console.log.8
15:33:25.6738 [INFO] System bus created.
15:33:27.5993 [INFO] sysbus: Loaded SVD: /tmp/renode-29172/c536d3c0-36d2-45c7-a2db-932da2a5945d.tmp. Name: STM32F40x. Description: STM32F40x.
15:33:27.6515 [INFO] nucleo_f411re: CPUs: ["nucleo_f411re.cpu0"] were added to a new GDB server created on port :3333
15:33:27.6517 [INFO] nucleo_f411re: GDB server with all CPUs started on port :3333
15:33:27.6786 [INFO] sysbus: Loading block of 7636 bytes length at 0x8000000.
15:33:27.6993 [INFO] sysbus: Loading block of 624 bytes length at 0x8001DD4.
15:33:27.6994 [INFO] sysbus: Loading block of 1536 bytes length at 0x8001E30.
15:33:27.9266 [INFO] cpu0: Guessing VectorTableOffset value to be 0x8000000.
15:33:27.9390 [INFO] cpu0: Setting initial values: PC = 0x8000AC9, SP = 0x20020000.
15:33:27.9401 [INFO] nucleo_f411re: Machine started.
15:33:28.0539 [INFO] usart2: [host: 0.44s (+0.44s)|virt: 0.7ms (+0.7ms)] Hello from STM32 NUCLEO-F411RE...
15:33:28.0554 [INFO] usart2: [host: 0.44s (+3.01ms)|virt:    0.7ms (+0s)] UART DEBUG CONSOLE (System Ready)
15:33:28.0556 [INFO] usart2: [host: 0.44s (+0.36ms)|virt:    0.7ms (+0s)] press: CTRL+H for options
15:33:28.0556 [INFO] usart2: [host:   0.44s (+27µs)|virt:    0.7ms (+0s)] 
15:33:28.0557 [INFO] usart2: [host:   0.44s (+39µs)|virt:    0.7ms (+0s)] 
15:33:28.0771 [INFO] nucleo_f411re: Machine paused.
15:33:28.0861 [INFO] nucleo_f411re: Machine resumed.
15:33:28.1030 [INFO] nucleo_f411re: Machine paused.
15:33:28.1114 [INFO] nucleo_f411re: Machine resumed.
15:33:36.1694 [INFO] nucleo_f411re: Machine paused.
15:33:37.1469 [INFO] nucleo_f411re: Machine resumed.
